<?xml version="1.0" encoding="UTF-8"?>
<!-- Generated by org.testng.reporters.JUnitXMLReporter -->
<testsuite ignored="4" hostname="TYSS-Shobha" failures="1" tests="4" name="TestRunner1" time="79.844" errors="0" timestamp="2024-07-15T20:53:10 IST">
  <testcase classname="Product.CreateProductTest" name="createProductTest" time="13.089">
    <failure type="java.lang.AssertionError" message="expected [true] but found [false]">
      <![CDATA[java.lang.AssertionError: expected [true] but found [false]
at Product.CreateProductTest.createProductTest(CreateProductTest.java:38)
at java.base/java.util.ArrayList.forEach(ArrayList.java:1511)
at java.base/java.util.concurrent.FutureTask.run(FutureTask.java:264)
at java.base/java.util.concurrent.ThreadPoolExecutor.runWorker(ThreadPoolExecutor.java:1130)
at java.base/java.util.concurrent.ThreadPoolExecutor$Worker.run(ThreadPoolExecutor.java:630)
at java.base/java.lang.Thread.run(Thread.java:831)
... Removed 24 stack frames]]>
    </failure>
  </testcase> <!-- createProductTest -->
  <testcase classname="Campaigns.CreateCampaignsTest" name="createCampaignsTest" time="11.049">
    <skipped/>
  </testcase> <!-- createCampaignsTest -->
  <testcase classname="Campaigns.CreateCampaignsTest" name="createCampaignsTest" time="8.942">
    <skipped/>
  </testcase> <!-- createCampaignsTest -->
  <testcase classname="Campaigns.CreateCampaignsTest" name="createCampaignsTest" time="6.504">
    <skipped/>
  </testcase> <!-- createCampaignsTest -->
  <testcase classname="Generic_Utilities.BaseClass" name="@BeforeTest BT" time="0.0">
    <ignored/>
  </testcase> <!-- @BeforeTest BT -->
  <testcase classname="Generic_Utilities.BaseClass" name="@AfterSuite AS" time="0.0">
    <ignored/>
  </testcase> <!-- @AfterSuite AS -->
  <testcase classname="Generic_Utilities.BaseClass" name="@BeforeSuite BS" time="0.0">
    <ignored/>
  </testcase> <!-- @BeforeSuite BS -->
  <testcase classname="Generic_Utilities.BaseClass" name="@AfterTest AT" time="0.0">
    <ignored/>
  </testcase> <!-- @AfterTest AT -->
</testsuite> <!-- TestRunner1 -->
